<?xml version="1.0" encoding="UTF-8"?>
<!-- Generated by org.testng.reporters.JUnitReportReporter -->
<testsuite skipped="0" hostname="ip-172-31-92-6" name="oAuth.oAuth" tests="1" failures="0" timestamp="05 Jun 2022 07:02:42 GMT" time="2.098" errors="0">
  <testcase name="test1" time="2.098" classname="oAuth.oAuth"/>
</testsuite> <!-- oAuth.oAuth -->
