<?xml version="1.0" encoding="UTF-8"?>
<!-- Generated by org.testng.reporters.JUnitReportReporter -->
<testsuite skipped="0" hostname="ip-172-31-92-6" name="restAPI.GetRequest" tests="1" failures="0" timestamp="28 May 2022 04:47:33 GMT" time="1.281" errors="0">
  <testcase name="test1" time="1.281" classname="restAPI.GetRequest"/>
</testsuite> <!-- restAPI.GetRequest -->
