<?xml version="1.0" encoding="UTF-8"?>
<!-- Generated by org.testng.reporters.JUnitReportReporter -->
<testsuite skipped="0" hostname="ip-172-31-92-6" name="restAPI.GetRequestWithParams" tests="1" failures="0" timestamp="28 May 2022 05:23:48 GMT" time="1.705" errors="0">
  <testcase name="test1" time="1.705" classname="restAPI.GetRequestWithParams"/>
</testsuite> <!-- restAPI.GetRequestWithParams -->
