<?xml version="1.0" encoding="UTF-8"?>
<!-- Generated by org.testng.reporters.JUnitReportReporter -->
<testsuite skipped="0" hostname="ip-172-31-92-6" name="restAPIXML.XMLTEST" tests="2" failures="0" timestamp="04 Jun 2022 06:36:16 GMT" time="2.698" errors="0">
  <testcase name="test2" time="1.021" classname="restAPIXML.XMLTEST"/>
  <testcase name="test1" time="1.677" classname="restAPIXML.XMLTEST"/>
</testsuite> <!-- restAPIXML.XMLTEST -->
